<?xml version="1.0" encoding="UTF-8"?>
<testng-results ignored="1" total="3" passed="2" failed="0" skipped="0">
  <reporter-output>
  </reporter-output>
  <suite started-at="2022-05-21T17:40:52 EET" name="Suite" finished-at="2022-05-21T17:41:38 EET" duration-ms="46775">
    <groups>
    </groups>
    <test started-at="2022-05-21T17:40:52 EET" name="Test" finished-at="2022-05-21T17:41:38 EET" duration-ms="46775">
      <class name="bexel.loginbuusersandverify">
        <test-method is-config="true" signature="startdriver(java.lang.String)[pri:0, instance:bexel.loginbuusersandverify@76c3e77a]" started-at="2022-05-21T17:40:52 EET" name="startdriver" finished-at="2022-05-21T17:41:02 EET" duration-ms="10097" status="PASS">
          <params>
            <param index="0">
              <value>
                <![CDATA[firefox]]>
              </value>
            </param>
          </params>
          <reporter-output>
          </reporter-output>
        </test-method> <!-- startdriver -->
        <test-method signature="loginandverifyuser()[pri:0, instance:bexel.loginbuusersandverify@76c3e77a]" started-at="2022-05-21T17:41:02 EET" name="loginandverifyuser" finished-at="2022-05-21T17:41:18 EET" duration-ms="16140" status="PASS">
          <reporter-output>
          </reporter-output>
        </test-method> <!-- loginandverifyuser -->
        <test-method is-config="true" signature="stopdriver()[pri:0, instance:bexel.loginbuusersandverify@76c3e77a]" started-at="2022-05-21T17:41:39 EET" name="stopdriver" finished-at="2022-05-21T17:41:39 EET" duration-ms="3" status="PASS">
          <reporter-output>
          </reporter-output>
        </test-method> <!-- stopdriver -->
      </class> <!-- bexel.loginbuusersandverify -->
      <class name="bexel.pricesortingtest">
        <test-method is-config="true" signature="startdriver(java.lang.String)[pri:0, instance:bexel.pricesortingtest@3d6f0054]" started-at="2022-05-21T17:41:18 EET" name="startdriver" finished-at="2022-05-21T17:41:35 EET" duration-ms="16557" status="PASS">
          <params>
            <param index="0">
              <value>
                <![CDATA[firefox]]>
              </value>
            </param>
          </params>
          <reporter-output>
          </reporter-output>
        </test-method> <!-- startdriver -->
        <test-method signature="ascsorttest()[pri:0, instance:bexel.pricesortingtest@3d6f0054]" started-at="2022-05-21T17:41:35 EET" name="ascsorttest" finished-at="2022-05-21T17:41:38 EET" duration-ms="3927" status="PASS">
          <reporter-output>
          </reporter-output>
        </test-method> <!-- ascsorttest -->
      </class> <!-- bexel.pricesortingtest -->
    </test> <!-- Test -->
  </suite> <!-- Suite -->
</testng-results>
