<?xml version="1.0" encoding="UTF-8"?>
<!-- Generated by org.testng.reporters.JUnitXMLReporter -->
<testsuite ignored="1" hostname="DESKTOP-9727CR0" failures="0" tests="2" name="Test" time="46.775" errors="0" timestamp="2022-05-21T17:41:39 EET">
  <testcase classname="bexel.loginbuusersandverify" name="loginandverifyuser" time="16.14"/>
  <testcase classname="bexel.pricesortingtest" name="ascsorttest" time="3.927"/>
  <testcase classname="bexel.testbase" name="@AfterSuite stopdriver" time="0.0">
    <ignored/>
  </testcase> <!-- @AfterSuite stopdriver -->
</testsuite> <!-- Test -->
